2022.06.05 16:21:18 INFO  tracing is disabled for protocol LSP, to enable tracing of incoming and outgoing JSON messages create an empty file at c:\Users\lukev\Documents\KnowRep\.metals\lsp.trace.json or C:\Users\lukev\AppData\Local\scalameta\metals\cache\lsp.trace.json
2022.06.05 16:21:19 INFO  logging to file C:\Users\lukev\Documents\KnowRep\.metals\metals.log
2022.06.05 16:21:19 INFO  Started: Metals version 0.11.6 in workspace 'C:\Users\lukev\Documents\KnowRep' for client Visual Studio Code 1.67.2.
2022.06.05 16:21:20 INFO  time: initialize in 0.55s
2022.06.05 16:21:20 WARN  Flyway upgrade recommended: H2 2.1.212 is newer than this version of Flyway and support has not been tested. The latest supported version of H2 is 2.1.210.
2022.06.05 16:21:20 WARN  Build server is not auto-connectable.
2022.06.05 16:21:20 WARN  no build tool detected in workspace 'C:\Users\lukev\Documents\KnowRep'. The most common cause for this problem is that the editor was opened in the wrong working directory, for example if you use sbt then the workspace directory should contain build.sbt. 
2022.06.05 16:21:22 WARN  no build target for: C:\Users\lukev\Documents\KnowRep\test\kr-practical\src\main\scala\Diagnosis.scala
2022.06.05 16:21:24 INFO  no build target found for C:\Users\lukev\Documents\KnowRep\test\kr-practical\src\main\scala\Diagnosis.scala. Using presentation compiler with project's scala-library version: 3.1.2
2022.06.05 16:21:28 INFO  time: code lens generation in 5.69s
2022.06.05 16:21:28 INFO  time: code lens generation in 5.69s
2022.06.05 16:22:11 WARN  no build target for: C:\Users\lukev\Documents\KnowRep\test\kr-practical\src\main\scala\Conflicts.scala
2022.06.05 16:22:53 WARN  no build target for: C:\Users\lukev\Documents\KnowRep\test\kr-practical\src\main\scala\Main.scala
2022.06.05 16:22:54 WARN  no build target for: C:\Users\lukev\Documents\KnowRep\test\kr-practical\src\main\scala\Diagnosis.scala
2022.06.05 16:23:01 WARN  no build target for: C:\Users\lukev\Documents\KnowRep\kr-practical\src\main\scala\Main.scala
2022.06.05 16:23:45 INFO  shutting down Metals
2022.06.05 16:24:29 INFO  tracing is disabled for protocol LSP, to enable tracing of incoming and outgoing JSON messages create an empty file at c:\Users\lukev\Documents\KnowRep\.metals\lsp.trace.json or C:\Users\lukev\AppData\Local\scalameta\metals\cache\lsp.trace.json
2022.06.05 16:24:29 INFO  logging to file C:\Users\lukev\Documents\KnowRep\.metals\metals.log
2022.06.05 16:24:29 INFO  Started: Metals version 0.11.6 in workspace 'C:\Users\lukev\Documents\KnowRep' for client Visual Studio Code 1.67.2.
2022.06.05 16:24:30 INFO  time: initialize in 0.51s
2022.06.05 16:24:30 WARN  Flyway upgrade recommended: H2 2.1.212 is newer than this version of Flyway and support has not been tested. The latest supported version of H2 is 2.1.210.
2022.06.05 16:24:30 WARN  Build server is not auto-connectable.
2022.06.05 16:24:30 WARN  no build tool detected in workspace 'C:\Users\lukev\Documents\KnowRep'. The most common cause for this problem is that the editor was opened in the wrong working directory, for example if you use sbt then the workspace directory should contain build.sbt. 
2022.06.05 16:24:32 WARN  no build target for: C:\Users\lukev\Documents\KnowRep\kr-practical\src\main\scala\Main.scala
2022.06.05 16:24:33 WARN  no build target for: C:\Users\lukev\Documents\KnowRep\kr-practical\src\main\scala\Main.scala
Jun 05, 2022 4:24:33 PM org.eclipse.lsp4j.jsonrpc.RemoteEndpoint fallbackResponseError
SEVERE: Internal error: scala.meta.internal.metals.debug.BuildTargetNotFoundForPathException: No build target could be found for the path: C:\Users\lukev\Documents\KnowRep\kr-practical\src\main\scala\Main.scala
java.util.concurrent.CompletionException: scala.meta.internal.metals.debug.BuildTargetNotFoundForPathException: No build target could be found for the path: C:\Users\lukev\Documents\KnowRep\kr-practical\src\main\scala\Main.scala
	at java.base/java.util.concurrent.CompletableFuture.encodeThrowable(CompletableFuture.java:332)
	at java.base/java.util.concurrent.CompletableFuture.uniAcceptNow(CompletableFuture.java:747)
	at java.base/java.util.concurrent.CompletableFuture.uniAcceptStage(CompletableFuture.java:735)
	at java.base/java.util.concurrent.CompletableFuture.thenAcceptAsync(CompletableFuture.java:2186)
	at scala.concurrent.java8.FuturesConvertersImpl$CF.thenAccept(FutureConvertersImpl.scala:37)
	at org.eclipse.lsp4j.jsonrpc.RemoteEndpoint.handleRequest(RemoteEndpoint.java:279)
	at org.eclipse.lsp4j.jsonrpc.RemoteEndpoint.consume(RemoteEndpoint.java:190)
	at org.eclipse.lsp4j.jsonrpc.json.StreamMessageProducer.handleMessage(StreamMessageProducer.java:194)
	at org.eclipse.lsp4j.jsonrpc.json.StreamMessageProducer.listen(StreamMessageProducer.java:94)
	at org.eclipse.lsp4j.jsonrpc.json.ConcurrentMessageProcessor.run(ConcurrentMessageProcessor.java:113)
	at java.base/java.util.concurrent.Executors$RunnableAdapter.call(Executors.java:539)
	at java.base/java.util.concurrent.FutureTask.run(FutureTask.java:264)
	at java.base/java.util.concurrent.ThreadPoolExecutor.runWorker(ThreadPoolExecutor.java:1136)
	at java.base/java.util.concurrent.ThreadPoolExecutor$Worker.run(ThreadPoolExecutor.java:635)
	at java.base/java.lang.Thread.run(Thread.java:833)
Caused by: scala.meta.internal.metals.debug.BuildTargetNotFoundForPathException: No build target could be found for the path: C:\Users\lukev\Documents\KnowRep\kr-practical\src\main\scala\Main.scala
	at scala.meta.internal.metals.debug.DebugProvider.debugDiscovery(DebugProvider.scala:398)
	at scala.meta.internal.metals.MetalsLanguageServer.executeCommand(MetalsLanguageServer.scala:1863)
	at java.base/jdk.internal.reflect.NativeMethodAccessorImpl.invoke0(Native Method)
	at java.base/jdk.internal.reflect.NativeMethodAccessorImpl.invoke(NativeMethodAccessorImpl.java:77)
	at java.base/jdk.internal.reflect.DelegatingMethodAccessorImpl.invoke(DelegatingMethodAccessorImpl.java:43)
	at java.base/java.lang.reflect.Method.invoke(Method.java:568)
	at org.eclipse.lsp4j.jsonrpc.services.GenericEndpoint.lambda$null$0(GenericEndpoint.java:65)
	at org.eclipse.lsp4j.jsonrpc.services.GenericEndpoint.request(GenericEndpoint.java:120)
	at org.eclipse.lsp4j.jsonrpc.RemoteEndpoint.handleRequest(RemoteEndpoint.java:261)
	... 9 more

2022.06.05 16:24:33 INFO  no build target found for C:\Users\lukev\Documents\KnowRep\kr-practical\src\main\scala\Main.scala. Using presentation compiler with project's scala-library version: 3.1.2
2022.06.05 16:24:35 INFO  time: code lens generation in 1.8s
2022.06.05 16:24:35 INFO  time: code lens generation in 3.1s
2022.06.05 16:24:35 INFO  time: code lens generation in 3.1s
2022.06.05 16:24:35 INFO  time: code lens generation in 3.1s
2022.06.05 16:24:35 INFO  time: code lens generation in 1.8s
2022.06.05 16:24:42 WARN  no build target for: C:\Users\lukev\Documents\KnowRep\kr-practical\src\main\scala\Main.scala
Jun 05, 2022 4:24:42 PM org.eclipse.lsp4j.jsonrpc.RemoteEndpoint fallbackResponseError
SEVERE: Internal error: scala.meta.internal.metals.debug.BuildTargetNotFoundForPathException: No build target could be found for the path: C:\Users\lukev\Documents\KnowRep\kr-practical\src\main\scala\Main.scala
java.util.concurrent.CompletionException: scala.meta.internal.metals.debug.BuildTargetNotFoundForPathException: No build target could be found for the path: C:\Users\lukev\Documents\KnowRep\kr-practical\src\main\scala\Main.scala
	at java.base/java.util.concurrent.CompletableFuture.encodeThrowable(CompletableFuture.java:332)
	at java.base/java.util.concurrent.CompletableFuture.uniAcceptNow(CompletableFuture.java:747)
	at java.base/java.util.concurrent.CompletableFuture.uniAcceptStage(CompletableFuture.java:735)
	at java.base/java.util.concurrent.CompletableFuture.thenAcceptAsync(CompletableFuture.java:2186)
	at scala.concurrent.java8.FuturesConvertersImpl$CF.thenAccept(FutureConvertersImpl.scala:37)
	at org.eclipse.lsp4j.jsonrpc.RemoteEndpoint.handleRequest(RemoteEndpoint.java:279)
	at org.eclipse.lsp4j.jsonrpc.RemoteEndpoint.consume(RemoteEndpoint.java:190)
	at org.eclipse.lsp4j.jsonrpc.json.StreamMessageProducer.handleMessage(StreamMessageProducer.java:194)
	at org.eclipse.lsp4j.jsonrpc.json.StreamMessageProducer.listen(StreamMessageProducer.java:94)
	at org.eclipse.lsp4j.jsonrpc.json.ConcurrentMessageProcessor.run(ConcurrentMessageProcessor.java:113)
	at java.base/java.util.concurrent.Executors$RunnableAdapter.call(Executors.java:539)
	at java.base/java.util.concurrent.FutureTask.run(FutureTask.java:264)
	at java.base/java.util.concurrent.ThreadPoolExecutor.runWorker(ThreadPoolExecutor.java:1136)
	at java.base/java.util.concurrent.ThreadPoolExecutor$Worker.run(ThreadPoolExecutor.java:635)
	at java.base/java.lang.Thread.run(Thread.java:833)
Caused by: scala.meta.internal.metals.debug.BuildTargetNotFoundForPathException: No build target could be found for the path: C:\Users\lukev\Documents\KnowRep\kr-practical\src\main\scala\Main.scala
	at scala.meta.internal.metals.debug.DebugProvider.debugDiscovery(DebugProvider.scala:398)
	at scala.meta.internal.metals.MetalsLanguageServer.executeCommand(MetalsLanguageServer.scala:1863)
	at java.base/jdk.internal.reflect.NativeMethodAccessorImpl.invoke0(Native Method)
	at java.base/jdk.internal.reflect.NativeMethodAccessorImpl.invoke(NativeMethodAccessorImpl.java:77)
	at java.base/jdk.internal.reflect.DelegatingMethodAccessorImpl.invoke(DelegatingMethodAccessorImpl.java:43)
	at java.base/java.lang.reflect.Method.invoke(Method.java:568)
	at org.eclipse.lsp4j.jsonrpc.services.GenericEndpoint.lambda$null$0(GenericEndpoint.java:65)
	at org.eclipse.lsp4j.jsonrpc.services.GenericEndpoint.request(GenericEndpoint.java:120)
	at org.eclipse.lsp4j.jsonrpc.RemoteEndpoint.handleRequest(RemoteEndpoint.java:261)
	... 9 more

2022.06.05 16:24:57 INFO  shutting down Metals
